0 info it worked if it ends with ok
1 verbose cli [ '/usr/local/bin/node', '/usr/local/bin/npm', 'run', 'dev' ]
2 info using npm@3.5.3
3 info using node@v4.2.4
4 verbose run-script [ 'predev', 'dev', 'postdev' ]
5 info lifecycle Remont@1.0.0~predev: Remont@1.0.0
6 silly lifecycle Remont@1.0.0~predev: no script for predev, continuing
7 info lifecycle Remont@1.0.0~dev: Remont@1.0.0
8 verbose lifecycle Remont@1.0.0~dev: unsafe-perm in lifecycle true
9 verbose lifecycle Remont@1.0.0~dev: PATH: /usr/local/lib/node_modules/npm/bin/node-gyp-bin:/Users/iSecret/Documents/Projects/remont/node_modules/.bin:/Library/Frameworks/Python.framework/Versions/3.5/bin:/usr/local/bin:usr/local/bin:/opt/local/bin:/opt/local/sbin:/Library/Frameworks/Python.framework/Versions/2.7/bin:/opt/local/bin:/opt/local/sbin:/usr/local/bin:/usr/bin:/bin:/usr/sbin:/sbin:/opt/X11/bin:/usr/local/git/bin:/usr/local/go/bin:/Users/iSecret/oracle/instantclient_11_2:/usr/local/sbin:/Users/iSecret/Documents/Projects/Go/bin:/usr/local/bin/luacheck
10 verbose lifecycle Remont@1.0.0~dev: CWD: /Users/iSecret/Documents/Projects/remont
11 silly lifecycle Remont@1.0.0~dev: Args: [ '-c', 'webpack-dev-server --port 3000' ]
12 silly lifecycle Remont@1.0.0~dev: Returned: code: 1  signal: null
13 info lifecycle Remont@1.0.0~dev: Failed to exec dev script
14 verbose stack Error: Remont@1.0.0 dev: `webpack-dev-server --port 3000`
14 verbose stack Exit status 1
14 verbose stack     at EventEmitter.<anonymous> (/usr/local/lib/node_modules/npm/lib/utils/lifecycle.js:232:16)
14 verbose stack     at emitTwo (events.js:87:13)
14 verbose stack     at EventEmitter.emit (events.js:172:7)
14 verbose stack     at ChildProcess.<anonymous> (/usr/local/lib/node_modules/npm/lib/utils/spawn.js:24:14)
14 verbose stack     at emitTwo (events.js:87:13)
14 verbose stack     at ChildProcess.emit (events.js:172:7)
14 verbose stack     at maybeClose (internal/child_process.js:818:16)
14 verbose stack     at Process.ChildProcess._handle.onexit (internal/child_process.js:211:5)
15 verbose pkgid Remont@1.0.0
16 verbose cwd /Users/iSecret/Documents/Projects/remont
17 error Darwin 16.4.0
18 error argv "/usr/local/bin/node" "/usr/local/bin/npm" "run" "dev"
19 error node v4.2.4
20 error npm  v3.5.3
21 error code ELIFECYCLE
22 error Remont@1.0.0 dev: `webpack-dev-server --port 3000`
22 error Exit status 1
23 error Failed at the Remont@1.0.0 dev script 'webpack-dev-server --port 3000'.
23 error Make sure you have the latest version of node.js and npm installed.
23 error If you do, this is most likely a problem with the Remont package,
23 error not with npm itself.
23 error Tell the author that this fails on your system:
23 error     webpack-dev-server --port 3000
23 error You can get information on how to open an issue for this project with:
23 error     npm bugs Remont
23 error Or if that isn't available, you can get their info via:
23 error     npm owner ls Remont
23 error There is likely additional logging output above.
24 verbose exit [ 1, true ]
